app/build/intermediates/manifest_merge_blame_file/debug/manifest-merger-blame-debug-report.txt
1<?xml version="1.0" encoding="utf-8"?>
2<manifest xmlns:android="http://schemas.android.com/apk/res/android"
3    package="io.bloco.biblioteca"
4    android:versionCode="1"
5    android:versionName="1.0" >
6
7    <uses-sdk
8        android:minSdkVersion="21"
8-->src\main\AndroidManifest.xml
9        android:targetSdkVersion="29" />
9-->src\main\AndroidManifest.xml
10
11    <uses-feature
11-->src\main\AndroidManifest.xml:6:5-8:35
12        android:name="android.hardware.camera"
12-->src\main\AndroidManifest.xml:7:9-47
13        android:required="true" />
13-->src\main\AndroidManifest.xml:8:9-32
14
15    <uses-permission android:name="android.permission.INTERNET" />
15-->src\main\AndroidManifest.xml:10:5-67
15-->src\main\AndroidManifest.xml:10:22-64
16    <uses-permission android:name="android.permission.ACCESS_WIFI_STATE" />
16-->src\main\AndroidManifest.xml:11:5-75
16-->src\main\AndroidManifest.xml:11:22-73
17    <uses-permission android:name="android.permission.CHANGE_WIFI_STATE" />
17-->src\main\AndroidManifest.xml:12:5-75
17-->src\main\AndroidManifest.xml:12:22-73
18    <uses-permission android:name="android.permission.ACCESS_NETWORK_STATE" />
18-->src\main\AndroidManifest.xml:13:5-78
18-->src\main\AndroidManifest.xml:13:22-76
19    <uses-permission android:name="android.permission.WRITE_EXTERNAL_STORAGE" />
19-->src\main\AndroidManifest.xml:14:5-81
19-->src\main\AndroidManifest.xml:14:22-78
20
21    <application
21-->src\main\AndroidManifest.xml:16:5-56:19
22        android:name="io.bloco.biblioteca.App"
22-->src\main\AndroidManifest.xml:17:9-28
23        android:allowBackup="true"
23-->src\main\AndroidManifest.xml:18:9-35
24        android:appComponentFactory="androidx.core.app.CoreComponentFactory"
24-->[androidx.core:core:1.1.0] AndroidManifest.xml:24:18-86
25        android:debuggable="true"
26        android:fullBackupContent="@xml/backup_descriptor"
26-->src\main\AndroidManifest.xml:19:9-59
27        android:icon="@mipmap/ic_launcher"
27-->src\main\AndroidManifest.xml:20:9-43
28        android:label="@string/app_name"
28-->src\main\AndroidManifest.xml:21:9-41
29        android:roundIcon="@mipmap/ic_launcher_round"
29-->src\main\AndroidManifest.xml:22:9-54
30        android:supportsRtl="true"
30-->src\main\AndroidManifest.xml:23:9-35
31        android:testOnly="true"
32        android:theme="@style/AppTheme" >
32-->src\main\AndroidManifest.xml:24:9-40
33        <activity
33-->src\main\AndroidManifest.xml:26:9-28:88
34            android:name="io.bloco.biblioteca.activities.SearchBookActivity"
34-->src\main\AndroidManifest.xml:26:19-83
35            android:label="@string/search_book_activity_label"
35-->src\main\AndroidManifest.xml:27:13-63
36            android:parentActivityName="io.bloco.biblioteca.activities.MainActivity" />
36-->src\main\AndroidManifest.xml:28:13-85
37        <activity
37-->src\main\AndroidManifest.xml:29:9-32:88
38            android:name="io.bloco.biblioteca.activities.AddBookActivity"
38-->src\main\AndroidManifest.xml:30:13-74
39            android:label="@string/add_book_activity_label"
39-->src\main\AndroidManifest.xml:31:13-60
40            android:parentActivityName="io.bloco.biblioteca.activities.MainActivity" />
40-->src\main\AndroidManifest.xml:32:13-85
41        <activity
41-->src\main\AndroidManifest.xml:33:9-36:88
42            android:name="io.bloco.biblioteca.activities.BookInfoActivity"
42-->src\main\AndroidManifest.xml:34:13-75
43            android:label="@string/book_info_activity_label"
43-->src\main\AndroidManifest.xml:35:13-61
44            android:parentActivityName="io.bloco.biblioteca.activities.MainActivity" />
44-->src\main\AndroidManifest.xml:36:13-85
45        <activity
45-->src\main\AndroidManifest.xml:37:9-45:20
46            android:name="io.bloco.biblioteca.activities.MainActivity"
46-->src\main\AndroidManifest.xml:38:13-71
47            android:label="@string/main_activity_label" >
47-->src\main\AndroidManifest.xml:39:13-56
48            <intent-filter>
48-->src\main\AndroidManifest.xml:40:13-44:29
49                <action android:name="android.intent.action.MAIN" />
49-->src\main\AndroidManifest.xml:41:17-69
49-->src\main\AndroidManifest.xml:41:25-66
50
51                <category android:name="android.intent.category.LAUNCHER" />
51-->src\main\AndroidManifest.xml:43:17-77
51-->src\main\AndroidManifest.xml:43:27-74
52            </intent-filter>
53        </activity>
54
55        <provider
55-->src\main\AndroidManifest.xml:47:9-55:20
56            android:name="androidx.core.content.FileProvider"
56-->src\main\AndroidManifest.xml:48:13-62
57            android:authorities="@string/fileprovider"
57-->src\main\AndroidManifest.xml:49:13-55
58            android:exported="false"
58-->src\main\AndroidManifest.xml:50:13-37
59            android:grantUriPermissions="true" >
59-->src\main\AndroidManifest.xml:51:13-47
60            <meta-data
60-->src\main\AndroidManifest.xml:52:13-54:54
61                android:name="android.support.FILE_PROVIDER_PATHS"
61-->src\main\AndroidManifest.xml:53:17-67
62                android:resource="@xml/file_paths" />
62-->src\main\AndroidManifest.xml:54:17-51
63        </provider>
64
65        <service
65-->[androidx.room:room-runtime:2.2.2] AndroidManifest.xml:25:9-27:40
66            android:name="androidx.room.MultiInstanceInvalidationService"
66-->[androidx.room:room-runtime:2.2.2] AndroidManifest.xml:26:13-74
67            android:exported="false" />
67-->[androidx.room:room-runtime:2.2.2] AndroidManifest.xml:27:13-37
68    </application>
69
70</manifest>